{"C:\\Users\\JANUS\\Desktop\\Programacion\\Javascript Javascript\\testing\\js\\clonarArray.js": {"path":"C:\\Users\\JANUS\\Desktop\\Programacion\\Javascript Javascript\\testing\\js\\clonarArray.js","statementMap":{"0":{"start":{"line":2,"column":2},"end":{"line":2,"column":17}},"1":{"start":{"line":5,"column":0},"end":{"line":5,"column":28}}},"fnMap":{"0":{"name":"clonarArray","decl":{"start":{"line":1,"column":9},"end":{"line":1,"column":20}},"loc":{"start":{"line":1,"column":26},"end":{"line":3,"column":1}},"line":1}},"branchMap":{},"s":{"0":2,"1":1},"f":{"0":2},"b":{},"_coverageSchema":"1a1c01bbd47fc00a2c39e90264f33305004495a9","hash":"c0644321f30bcc45d2794a300fea487cbcbcdcfc"}
,"C:\\Users\\JANUS\\Desktop\\Programacion\\Javascript Javascript\\testing\\js\\resta.js": {"path":"C:\\Users\\JANUS\\Desktop\\Programacion\\Javascript Javascript\\testing\\js\\resta.js","statementMap":{"0":{"start":{"line":2,"column":2},"end":{"line":2,"column":14}},"1":{"start":{"line":5,"column":0},"end":{"line":5,"column":22}}},"fnMap":{"0":{"name":"resta","decl":{"start":{"line":1,"column":9},"end":{"line":1,"column":14}},"loc":{"start":{"line":1,"column":20},"end":{"line":3,"column":1}},"line":1}},"branchMap":{},"s":{"0":1,"1":1},"f":{"0":1},"b":{},"_coverageSchema":"1a1c01bbd47fc00a2c39e90264f33305004495a9","hash":"76b6dacca61ca23f1de08beb80e996d53415d5fa"}
,"C:\\Users\\JANUS\\Desktop\\Programacion\\Javascript Javascript\\testing\\js\\suma.js": {"path":"C:\\Users\\JANUS\\Desktop\\Programacion\\Javascript Javascript\\testing\\js\\suma.js","statementMap":{"0":{"start":{"line":2,"column":2},"end":{"line":2,"column":14}},"1":{"start":{"line":5,"column":0},"end":{"line":5,"column":21}}},"fnMap":{"0":{"name":"suma","decl":{"start":{"line":1,"column":9},"end":{"line":1,"column":13}},"loc":{"start":{"line":1,"column":19},"end":{"line":3,"column":1}},"line":1}},"branchMap":{},"s":{"0":1,"1":1},"f":{"0":1},"b":{},"_coverageSchema":"1a1c01bbd47fc00a2c39e90264f33305004495a9","hash":"1146f7ef12ebe8d0b8508e50b317934cfae36e78"}
}
